0 info it worked if it ends with ok
1 verbose cli [ '/usr/local/Cellar/node/5.1.0/bin/node',
1 verbose cli   '/usr/local/bin/npm',
1 verbose cli   'run',
1 verbose cli   'server' ]
2 info using npm@3.3.12
3 info using node@v5.1.0
4 verbose run-script [ 'preserver', 'server', 'postserver' ]
5 info lifecycle orchestra@0.0.1~preserver: orchestra@0.0.1
6 silly lifecycle orchestra@0.0.1~preserver: no script for preserver, continuing
7 info lifecycle orchestra@0.0.1~server: orchestra@0.0.1
8 verbose lifecycle orchestra@0.0.1~server: unsafe-perm in lifecycle true
9 verbose lifecycle orchestra@0.0.1~server: PATH: /usr/local/lib/node_modules/npm/bin/node-gyp-bin:/Users/ericslater/Desktop/Orchestra/orchestra/node_modules/.bin://anaconda/bin:/usr/local/bin:/usr/bin:/bin:/usr/sbin:/sbin:/opt/X11/bin:/usr/local/share/dotnet:/usr/local/git/bin:/Library/Frameworks/Mono.framework/Versions/Current/Commands://anaconda/bin
10 verbose lifecycle orchestra@0.0.1~server: CWD: /Users/ericslater/Desktop/Orchestra/orchestra
11 silly lifecycle orchestra@0.0.1~server: Args: [ '-c', 'node ./src/server/server.js' ]
12 silly lifecycle orchestra@0.0.1~server: Returned: code: 1  signal: null
13 info lifecycle orchestra@0.0.1~server: Failed to exec server script
14 verbose stack Error: orchestra@0.0.1 server: `node ./src/server/server.js`
14 verbose stack Exit status 1
14 verbose stack     at EventEmitter.<anonymous> (/usr/local/lib/node_modules/npm/lib/utils/lifecycle.js:232:16)
14 verbose stack     at emitTwo (events.js:87:13)
14 verbose stack     at EventEmitter.emit (events.js:172:7)
14 verbose stack     at ChildProcess.<anonymous> (/usr/local/lib/node_modules/npm/lib/utils/spawn.js:24:14)
14 verbose stack     at emitTwo (events.js:87:13)
14 verbose stack     at ChildProcess.emit (events.js:172:7)
14 verbose stack     at maybeClose (internal/child_process.js:818:16)
14 verbose stack     at Process.ChildProcess._handle.onexit (internal/child_process.js:211:5)
15 verbose pkgid orchestra@0.0.1
16 verbose cwd /Users/ericslater/Desktop/Orchestra/orchestra
17 error Darwin 15.6.0
18 error argv "/usr/local/Cellar/node/5.1.0/bin/node" "/usr/local/bin/npm" "run" "server"
19 error node v5.1.0
20 error npm  v3.3.12
21 error code ELIFECYCLE
22 error orchestra@0.0.1 server: `node ./src/server/server.js`
22 error Exit status 1
23 error Failed at the orchestra@0.0.1 server script 'node ./src/server/server.js'.
23 error Make sure you have the latest version of node.js and npm installed.
23 error If you do, this is most likely a problem with the orchestra package,
23 error not with npm itself.
23 error Tell the author that this fails on your system:
23 error     node ./src/server/server.js
23 error You can get their info via:
23 error     npm owner ls orchestra
23 error There is likely additional logging output above.
24 verbose exit [ 1, true ]
